<?xml version="1.0" encoding="UTF-8"?>
<testsuite name="NumbersTest" tests="1" skipped="0" failures="1" errors="0" timestamp="2025-12-29T01:57:49" hostname="surya" time="0.267">
  <properties/>
  <testcase name="start" classname="NumbersTest" time="0.267">
    <failure message="java.lang.AssertionError: Wrong answer in test #18&#10;&#10;For the number 7 the expected number of properties is 4 but the actual number of properties is 5. Expected properties are [palindromic, spy, buzz, odd]. Actual properties are [buzz, palindromic, spy, happy, odd]&#10;&#10;Please find below the output of your program during this failed test.&#10;Note that the '&gt;' character indicates the beginning of the input line.&#10;&#10;---&#10;&#10;Welcome to Amazing Numbers!&#10;&#10;Supported requests:&#10;  - enter a natural number to know its properties;&#10;  - enter two natural numbers to obtain the properties of the list:&#10;    * the first parameter represents a starting number;&#10;    * the second parameter shows how many consecutive numbers are to be processed;&#10;  - two natural numbers and properties to search for;&#10;  - a property preceded by minus must not be present in numbers;&#10;  - separate the parameters with one space;&#10;  - enter 0 to exit.&#10;&#10;Enter a request: &gt; 1 15&#10;&#10;               1 is palindromic, spy, square, odd&#10;               2 is palindromic, spy, even&#10;               3 is palindromic, spy, sunny, odd&#10;               4 is palindromic, spy, square, even&#10;               5 is palindromic, spy, odd&#10;               6 is palindromic, spy, even&#10;               7 is buzz, palindromic, spy, happy, odd&#10;               8 is palindromic, spy, sunny, sad, even&#10;               9 is palindromic, spy, square, sad, odd&#10;              10 is duck, happy, even&#10;              11 is palindromic, sad, odd&#10;              12 is sad, even&#10;              13 is happy, odd&#10;              14 is buzz, sad, even&#10;              15 is sunny, sad, odd&#10;&#10;Enter a request:" type="java.lang.AssertionError">java.lang.AssertionError: Wrong answer in test #18

For the number 7 the expected number of properties is 4 but the actual number of properties is 5. Expected properties are [palindromic, spy, buzz, odd]. Actual properties are [buzz, palindromic, spy, happy, odd]

Please find below the output of your program during this failed test.
Note that the '&gt;' character indicates the beginning of the input line.

---

Welcome to Amazing Numbers!

Supported requests:
  - enter a natural number to know its properties;
  - enter two natural numbers to obtain the properties of the list:
    * the first parameter represents a starting number;
    * the second parameter shows how many consecutive numbers are to be processed;
  - two natural numbers and properties to search for;
  - a property preceded by minus must not be present in numbers;
  - separate the parameters with one space;
  - enter 0 to exit.

Enter a request: &gt; 1 15

               1 is palindromic, spy, square, odd
               2 is palindromic, spy, even
               3 is palindromic, spy, sunny, odd
               4 is palindromic, spy, square, even
               5 is palindromic, spy, odd
               6 is palindromic, spy, even
               7 is buzz, palindromic, spy, happy, odd
               8 is palindromic, spy, sunny, sad, even
               9 is palindromic, spy, square, sad, odd
              10 is duck, happy, even
              11 is palindromic, sad, odd
              12 is sad, even
              13 is happy, odd
              14 is buzz, sad, even
              15 is sunny, sad, odd

Enter a request:
	at org.junit.Assert.fail(Assert.java:89)
	at org.hyperskill.hstest.stage.StageTest.start(StageTest.java:237)
	at java.base/jdk.internal.reflect.DirectMethodHandleAccessor.invoke(DirectMethodHandleAccessor.java:103)
	at java.base/java.lang.reflect.Method.invoke(Method.java:580)
	at org.junit.runners.model.FrameworkMethod$1.runReflectiveCall(FrameworkMethod.java:59)
	at org.junit.internal.runners.model.ReflectiveCallable.run(ReflectiveCallable.java:12)
	at org.junit.runners.model.FrameworkMethod.invokeExplosively(FrameworkMethod.java:56)
	at org.junit.internal.runners.statements.InvokeMethod.evaluate(InvokeMethod.java:17)
	at org.junit.runners.ParentRunner$3.evaluate(ParentRunner.java:306)
	at org.junit.runners.BlockJUnit4ClassRunner$1.evaluate(BlockJUnit4ClassRunner.java:100)
	at org.junit.runners.ParentRunner.runLeaf(ParentRunner.java:366)
	at org.junit.runners.BlockJUnit4ClassRunner.runChild(BlockJUnit4ClassRunner.java:103)
	at org.junit.runners.BlockJUnit4ClassRunner.runChild(BlockJUnit4ClassRunner.java:63)
	at org.junit.runners.ParentRunner$4.run(ParentRunner.java:331)
	at org.junit.runners.ParentRunner$1.schedule(ParentRunner.java:79)
	at org.junit.runners.ParentRunner.runChildren(ParentRunner.java:329)
	at org.junit.runners.ParentRunner.access$100(ParentRunner.java:66)
	at org.junit.runners.ParentRunner$2.evaluate(ParentRunner.java:293)
	at org.junit.runners.ParentRunner$3.evaluate(ParentRunner.java:306)
	at org.junit.runners.ParentRunner.run(ParentRunner.java:413)
	at org.gradle.api.internal.tasks.testing.junit.JUnitTestClassExecutor.runTestClass(JUnitTestClassExecutor.java:112)
	at org.gradle.api.internal.tasks.testing.junit.JUnitTestClassExecutor.execute(JUnitTestClassExecutor.java:58)
	at org.gradle.api.internal.tasks.testing.junit.JUnitTestClassExecutor.execute(JUnitTestClassExecutor.java:40)
	at org.gradle.api.internal.tasks.testing.junit.AbstractJUnitTestClassProcessor.processTestClass(AbstractJUnitTestClassProcessor.java:60)
	at org.gradle.api.internal.tasks.testing.SuiteTestClassProcessor.processTestClass(SuiteTestClassProcessor.java:52)
	at java.base/jdk.internal.reflect.DirectMethodHandleAccessor.invoke(DirectMethodHandleAccessor.java:103)
	at java.base/java.lang.reflect.Method.invoke(Method.java:580)
	at org.gradle.internal.dispatch.ReflectionDispatch.dispatch(ReflectionDispatch.java:36)
	at org.gradle.internal.dispatch.ReflectionDispatch.dispatch(ReflectionDispatch.java:24)
	at org.gradle.internal.dispatch.ContextClassLoaderDispatch.dispatch(ContextClassLoaderDispatch.java:33)
	at org.gradle.internal.dispatch.ProxyDispatchAdapter$DispatchingInvocationHandler.invoke(ProxyDispatchAdapter.java:94)
	at jdk.proxy1/jdk.proxy1.$Proxy2.processTestClass(Unknown Source)
	at org.gradle.api.internal.tasks.testing.worker.TestWorker$2.run(TestWorker.java:176)
	at org.gradle.api.internal.tasks.testing.worker.TestWorker.executeAndMaintainThreadName(TestWorker.java:129)
	at org.gradle.api.internal.tasks.testing.worker.TestWorker.execute(TestWorker.java:100)
	at org.gradle.api.internal.tasks.testing.worker.TestWorker.execute(TestWorker.java:60)
	at org.gradle.process.internal.worker.child.ActionExecutionWorker.execute(ActionExecutionWorker.java:56)
	at org.gradle.process.internal.worker.child.SystemApplicationClassLoaderWorker.call(SystemApplicationClassLoaderWorker.java:113)
	at org.gradle.process.internal.worker.child.SystemApplicationClassLoaderWorker.call(SystemApplicationClassLoaderWorker.java:65)
	at worker.org.gradle.process.internal.worker.GradleWorkerMain.run(GradleWorkerMain.java:69)
	at worker.org.gradle.process.internal.worker.GradleWorkerMain.main(GradleWorkerMain.java:74)
</failure>
  </testcase>
  <system-out><![CDATA[?[1;31m
Start test 1?[0m
Welcome to Amazing Numbers!

Supported requests:
  - enter a natural number to know its properties;
  - enter two natural numbers to obtain the properties of the list:
    * the first parameter represents a starting number;
    * the second parameter shows how many consecutive numbers are to be processed;
  - two natural numbers and properties to search for;
  - a property preceded by minus must not be present in numbers;
  - separate the parameters with one space;
  - enter 0 to exit.

Enter a request: > 0

Goodbye!
?[1;31m
Start test 2?[0m
Welcome to Amazing Numbers!

Supported requests:
  - enter a natural number to know its properties;
  - enter two natural numbers to obtain the properties of the list:
    * the first parameter represents a starting number;
    * the second parameter shows how many consecutive numbers are to be processed;
  - two natural numbers and properties to search for;
  - a property preceded by minus must not be present in numbers;
  - separate the parameters with one space;
  - enter 0 to exit.

Enter a request: > -39

The first parameter should be a natural number or zero.

Enter a request: > 0

Goodbye!
?[1;31m
Start test 3?[0m
Welcome to Amazing Numbers!

Supported requests:
  - enter a natural number to know its properties;
  - enter two natural numbers to obtain the properties of the list:
    * the first parameter represents a starting number;
    * the second parameter shows how many consecutive numbers are to be processed;
  - two natural numbers and properties to search for;
  - a property preceded by minus must not be present in numbers;
  - separate the parameters with one space;
  - enter 0 to exit.

Enter a request: > -75

The first parameter should be a natural number or zero.

Enter a request: > 0

Goodbye!
?[1;31m
Start test 4?[0m
Welcome to Amazing Numbers!

Supported requests:
  - enter a natural number to know its properties;
  - enter two natural numbers to obtain the properties of the list:
    * the first parameter represents a starting number;
    * the second parameter shows how many consecutive numbers are to be processed;
  - two natural numbers and properties to search for;
  - a property preceded by minus must not be present in numbers;
  - separate the parameters with one space;
  - enter 0 to exit.

Enter a request: > -43

The first parameter should be a natural number or zero.

Enter a request: > 0

Goodbye!
?[1;31m
Start test 5?[0m
Welcome to Amazing Numbers!

Supported requests:
  - enter a natural number to know its properties;
  - enter two natural numbers to obtain the properties of the list:
    * the first parameter represents a starting number;
    * the second parameter shows how many consecutive numbers are to be processed;
  - two natural numbers and properties to search for;
  - a property preceded by minus must not be present in numbers;
  - separate the parameters with one space;
  - enter 0 to exit.

Enter a request: > -23

The first parameter should be a natural number or zero.

Enter a request: > 0

Goodbye!
?[1;31m
Start test 6?[0m
Welcome to Amazing Numbers!

Supported requests:
  - enter a natural number to know its properties;
  - enter two natural numbers to obtain the properties of the list:
    * the first parameter represents a starting number;
    * the second parameter shows how many consecutive numbers are to be processed;
  - two natural numbers and properties to search for;
  - a property preceded by minus must not be present in numbers;
  - separate the parameters with one space;
  - enter 0 to exit.

Enter a request: > -65

The first parameter should be a natural number or zero.

Enter a request: > 0

Goodbye!
?[1;31m
Start test 7?[0m
Welcome to Amazing Numbers!

Supported requests:
  - enter a natural number to know its properties;
  - enter two natural numbers to obtain the properties of the list:
    * the first parameter represents a starting number;
    * the second parameter shows how many consecutive numbers are to be processed;
  - two natural numbers and properties to search for;
  - a property preceded by minus must not be present in numbers;
  - separate the parameters with one space;
  - enter 0 to exit.

Enter a request: > 22901 -31674
The second parameter should be a natural number.
Enter a request: > 0

Goodbye!
?[1;31m
Start test 8?[0m
Welcome to Amazing Numbers!

Supported requests:
  - enter a natural number to know its properties;
  - enter two natural numbers to obtain the properties of the list:
    * the first parameter represents a starting number;
    * the second parameter shows how many consecutive numbers are to be processed;
  - two natural numbers and properties to search for;
  - a property preceded by minus must not be present in numbers;
  - separate the parameters with one space;
  - enter 0 to exit.

Enter a request: > 12108 -5273
The second parameter should be a natural number.
Enter a request: > 0

Goodbye!
?[1;31m
Start test 9?[0m
Welcome to Amazing Numbers!

Supported requests:
  - enter a natural number to know its properties;
  - enter two natural numbers to obtain the properties of the list:
    * the first parameter represents a starting number;
    * the second parameter shows how many consecutive numbers are to be processed;
  - two natural numbers and properties to search for;
  - a property preceded by minus must not be present in numbers;
  - separate the parameters with one space;
  - enter 0 to exit.

Enter a request: > 12008 -30720
The second parameter should be a natural number.
Enter a request: > 0

Goodbye!
?[1;31m
Start test 10?[0m
Welcome to Amazing Numbers!

Supported requests:
  - enter a natural number to know its properties;
  - enter two natural numbers to obtain the properties of the list:
    * the first parameter represents a starting number;
    * the second parameter shows how many consecutive numbers are to be processed;
  - two natural numbers and properties to search for;
  - a property preceded by minus must not be present in numbers;
  - separate the parameters with one space;
  - enter 0 to exit.

Enter a request: > 3285 -18549
The second parameter should be a natural number.
Enter a request: > 0

Goodbye!
?[1;31m
Start test 11?[0m
Welcome to Amazing Numbers!

Supported requests:
  - enter a natural number to know its properties;
  - enter two natural numbers to obtain the properties of the list:
    * the first parameter represents a starting number;
    * the second parameter shows how many consecutive numbers are to be processed;
  - two natural numbers and properties to search for;
  - a property preceded by minus must not be present in numbers;
  - separate the parameters with one space;
  - enter 0 to exit.

Enter a request: > 31750 -30511
The second parameter should be a natural number.
Enter a request: > 0

Goodbye!
?[1;31m
Start test 12?[0m
Welcome to Amazing Numbers!

Supported requests:
  - enter a natural number to know its properties;
  - enter two natural numbers to obtain the properties of the list:
    * the first parameter represents a starting number;
    * the second parameter shows how many consecutive numbers are to be processed;
  - two natural numbers and properties to search for;
  - a property preceded by minus must not be present in numbers;
  - separate the parameters with one space;
  - enter 0 to exit.

Enter a request: > 900 -11785
The second parameter should be a natural number.
Enter a request: > 0

Goodbye!
?[1;31m
Start test 13?[0m
Welcome to Amazing Numbers!

Supported requests:
  - enter a natural number to know its properties;
  - enter two natural numbers to obtain the properties of the list:
    * the first parameter represents a starting number;
    * the second parameter shows how many consecutive numbers are to be processed;
  - two natural numbers and properties to search for;
  - a property preceded by minus must not be present in numbers;
  - separate the parameters with one space;
  - enter 0 to exit.

Enter a request: > 29770 -20169
The second parameter should be a natural number.
Enter a request: > 0

Goodbye!
?[1;31m
Start test 14?[0m
Welcome to Amazing Numbers!

Supported requests:
  - enter a natural number to know its properties;
  - enter two natural numbers to obtain the properties of the list:
    * the first parameter represents a starting number;
    * the second parameter shows how many consecutive numbers are to be processed;
  - two natural numbers and properties to search for;
  - a property preceded by minus must not be present in numbers;
  - separate the parameters with one space;
  - enter 0 to exit.

Enter a request: > 19077 -6408
The second parameter should be a natural number.
Enter a request: > 0

Goodbye!
?[1;31m
Start test 15?[0m
Welcome to Amazing Numbers!

Supported requests:
  - enter a natural number to know its properties;
  - enter two natural numbers to obtain the properties of the list:
    * the first parameter represents a starting number;
    * the second parameter shows how many consecutive numbers are to be processed;
  - two natural numbers and properties to search for;
  - a property preceded by minus must not be present in numbers;
  - separate the parameters with one space;
  - enter 0 to exit.

Enter a request: > 29224 -12105
The second parameter should be a natural number.
Enter a request: > 0

Goodbye!
?[1;31m
Start test 16?[0m
Welcome to Amazing Numbers!

Supported requests:
  - enter a natural number to know its properties;
  - enter two natural numbers to obtain the properties of the list:
    * the first parameter represents a starting number;
    * the second parameter shows how many consecutive numbers are to be processed;
  - two natural numbers and properties to search for;
  - a property preceded by minus must not be present in numbers;
  - separate the parameters with one space;
  - enter 0 to exit.

Enter a request: > 10867 -5514
The second parameter should be a natural number.
Enter a request: > 0

Goodbye!
?[1;31m
Start test 17?[0m
Welcome to Amazing Numbers!

Supported requests:
  - enter a natural number to know its properties;
  - enter two natural numbers to obtain the properties of the list:
    * the first parameter represents a starting number;
    * the second parameter shows how many consecutive numbers are to be processed;
  - two natural numbers and properties to search for;
  - a property preceded by minus must not be present in numbers;
  - separate the parameters with one space;
  - enter 0 to exit.

Enter a request: > 1
       
Properties of 1
       buzz: false
       duck: false
palindromic: true
     gapful: false
        spy: true
     square: true
      sunny: false
    jumping: false
      happy: false
        sad: false
       even: false
        odd: true

Enter a request: > 2
       
Properties of 2
       buzz: false
       duck: false
palindromic: true
     gapful: false
        spy: true
     square: false
      sunny: false
    jumping: false
      happy: false
        sad: false
       even: true
        odd: false

Enter a request: > 3
       
Properties of 3
       buzz: false
       duck: false
palindromic: true
     gapful: false
        spy: true
     square: false
      sunny: true
    jumping: false
      happy: false
        sad: false
       even: false
        odd: true

Enter a request: > 4
       
Properties of 4
       buzz: false
       duck: false
palindromic: true
     gapful: false
        spy: true
     square: true
      sunny: false
    jumping: false
      happy: false
        sad: false
       even: true
        odd: false

Enter a request: > 5
       
Properties of 5
       buzz: false
       duck: false
palindromic: true
     gapful: false
        spy: true
     square: false
      sunny: false
    jumping: false
      happy: false
        sad: false
       even: false
        odd: true

Enter a request: > 6
       
Properties of 6
       buzz: false
       duck: false
palindromic: true
     gapful: false
        spy: true
     square: false
      sunny: false
    jumping: false
      happy: false
        sad: false
       even: true
        odd: false

Enter a request: > 7
       
Properties of 7
       buzz: true
       duck: false
palindromic: true
     gapful: false
        spy: true
     square: false
      sunny: false
    jumping: false
      happy: true
        sad: false
       even: false
        odd: true

Enter a request: > 8
       
Properties of 8
       buzz: false
       duck: false
palindromic: true
     gapful: false
        spy: true
     square: false
      sunny: true
    jumping: false
      happy: false
        sad: true
       even: true
        odd: false

Enter a request: > 9
       
Properties of 9
       buzz: false
       duck: false
palindromic: true
     gapful: false
        spy: true
     square: true
      sunny: false
    jumping: false
      happy: false
        sad: true
       even: false
        odd: true

Enter a request: > 10
       
Properties of 10
       buzz: false
       duck: true
palindromic: false
     gapful: false
        spy: false
     square: false
      sunny: false
    jumping: false
      happy: true
        sad: false
       even: true
        odd: false

Enter a request: > 11
       
Properties of 11
       buzz: false
       duck: false
palindromic: true
     gapful: false
        spy: false
     square: false
      sunny: false
    jumping: false
      happy: false
        sad: true
       even: false
        odd: true

Enter a request: > 12
       
Properties of 12
       buzz: false
       duck: false
palindromic: false
     gapful: false
        spy: false
     square: false
      sunny: false
    jumping: false
      happy: false
        sad: true
       even: true
        odd: false

Enter a request: > 13
       
Properties of 13
       buzz: false
       duck: false
palindromic: false
     gapful: false
        spy: false
     square: false
      sunny: false
    jumping: false
      happy: true
        sad: false
       even: false
        odd: true

Enter a request: > 14
       
Properties of 14
       buzz: true
       duck: false
palindromic: false
     gapful: false
        spy: false
     square: false
      sunny: false
    jumping: false
      happy: false
        sad: true
       even: true
        odd: false

Enter a request: > 3590151738850669158
       
Properties of 3,590,151,738,850,669,158
       buzz: false
       duck: true
palindromic: false
     gapful: false
        spy: false
     square: false
      sunny: false
    jumping: false
      happy: false
        sad: true
       even: true
        odd: false

Enter a request: > 3653045346005293680
       
Properties of 3,653,045,346,005,293,680
       buzz: false
       duck: true
palindromic: false
     gapful: true
        spy: false
     square: false
      sunny: false
    jumping: false
      happy: false
        sad: true
       even: true
        odd: false

Enter a request: > 963613446642418627
       
Properties of 963,613,446,642,418,627
       buzz: true
       duck: false
palindromic: false
     gapful: false
        spy: false
     square: false
      sunny: false
    jumping: false
      happy: false
        sad: true
       even: false
        odd: true

Enter a request: > 5370504592498993366
       
Properties of 5,370,504,592,498,993,366
       buzz: false
       duck: true
palindromic: false
     gapful: false
        spy: false
     square: false
      sunny: false
    jumping: false
      happy: false
        sad: true
       even: true
        odd: false

Enter a request: > 8898562471698948449
       
Properties of 8,898,562,471,698,948,449
       buzz: false
       duck: false
palindromic: false
     gapful: false
        spy: false
     square: false
      sunny: false
    jumping: false
      happy: false
        sad: true
       even: false
        odd: true

Enter a request: > 1526031156571739485
       
Properties of 1,526,031,156,571,739,485
       buzz: false
       duck: true
palindromic: false
     gapful: false
        spy: false
     square: false
      sunny: false
    jumping: false
      happy: false
        sad: true
       even: false
        odd: true

Enter a request: > 7167329806598197563
       
Properties of 7,167,329,806,598,197,563
       buzz: false
       duck: true
palindromic: false
     gapful: false
        spy: false
     square: false
      sunny: false
    jumping: false
      happy: true
        sad: false
       even: false
        odd: true

Enter a request: > 7705068273221458161
       
Properties of 7,705,068,273,221,458,161
       buzz: false
       duck: true
palindromic: false
     gapful: false
        spy: false
     square: false
      sunny: false
    jumping: false
      happy: false
        sad: true
       even: false
        odd: true

Enter a request: > 3497265445488370570
       
Properties of 3,497,265,445,488,370,570
       buzz: true
       duck: true
palindromic: false
     gapful: false
        spy: false
     square: false
      sunny: false
    jumping: false
      happy: false
        sad: true
       even: true
        odd: false

Enter a request: > 5638227606204719627
       
Properties of 5,638,227,606,204,719,627
       buzz: true
       duck: true
palindromic: false
     gapful: false
        spy: false
     square: false
      sunny: false
    jumping: false
      happy: false
        sad: true
       even: false
        odd: true

Enter a request: > 0

Goodbye!
?[1;31m
Start test 18?[0m
Welcome to Amazing Numbers!

Supported requests:
  - enter a natural number to know its properties;
  - enter two natural numbers to obtain the properties of the list:
    * the first parameter represents a starting number;
    * the second parameter shows how many consecutive numbers are to be processed;
  - two natural numbers and properties to search for;
  - a property preceded by minus must not be present in numbers;
  - separate the parameters with one space;
  - enter 0 to exit.

Enter a request: > 1 15

               1 is palindromic, spy, square, odd
               2 is palindromic, spy, even
               3 is palindromic, spy, sunny, odd
               4 is palindromic, spy, square, even
               5 is palindromic, spy, odd
               6 is palindromic, spy, even
               7 is buzz, palindromic, spy, happy, odd
               8 is palindromic, spy, sunny, sad, even
               9 is palindromic, spy, square, sad, odd
              10 is duck, happy, even
              11 is palindromic, sad, odd
              12 is sad, even
              13 is happy, odd
              14 is buzz, sad, even
              15 is sunny, sad, odd

]]></system-out>
  <system-err><![CDATA[]]></system-err>
</testsuite>
